
Showing logs for build [32mcb-kubecd-environment-pr-165-15-h8zlq-1[0m stage [32mfrom-build-pack[0m and container [32mstep-credential-initializer-vlbdc[0m
{"level":"warn","ts":1582616620.3910315,"logger":"fallback-logger","caller":"logging/config.go:69","msg":"Fetch GitHub commit ID from kodata failed: \"ref: refs/heads/0.8.0-**-support-backwards-incompats\" is not a valid GitHub commit ID"}
{"level":"info","ts":1582616620.3918817,"logger":"fallback-logger","caller":"creds-init/main.go:40","msg":"Credentials initialized."}

Showing logs for build [32mcb-kubecd-environment-pr-165-15-h8zlq-1[0m stage [32mfrom-build-pack[0m and container [32mstep-working-dir-initializer-njks5[0m
{"level":"warn","ts":1582616621.375511,"logger":"fallback-logger","caller":"logging/config.go:69","msg":"Fetch GitHub commit ID from kodata failed: open /var/run/ko/HEAD: no such file or directory"}
{"level":"info","ts":1582616621.3773212,"logger":"fallback-logger","caller":"bash/main.go:64","msg":"Successfully executed command \"sh -c mkdir -p /workspace/source\"; output "}

Showing logs for build [32mcb-kubecd-environment-pr-165-15-h8zlq-1[0m stage [32mfrom-build-pack[0m and container [32mstep-place-tools[0m

Showing logs for build [32mcb-kubecd-environment-pr-165-15-h8zlq-1[0m stage [32mfrom-build-pack[0m and container [32mstep-git-source-cb-kubecd-environment-pr-165-15-h8zlq-5z9pg[0m
{"level":"warn","ts":1582616654.5871253,"logger":"fallback-logger","caller":"logging/config.go:69","msg":"Fetch GitHub commit ID from kodata failed: \"ref: refs/heads/0.8.0-**-support-backwards-incompats\" is not a valid GitHub commit ID"}
{"level":"info","ts":1582616655.755077,"logger":"fallback-logger","caller":"git/git.go:103","msg":"Successfully cloned https://github.com/cb-kubecd/environment-pr-165-155-boot-vault-gke-staging.git @ master in path /workspace/source"}

Showing logs for build [32mcb-kubecd-environment-pr-165-15-h8zlq-1[0m stage [32mfrom-build-pack[0m and container [32mstep-git-merge[0m
Using SHAs from PULL_REFS=master:56657cb9c2c5848d38bd1d036fe1c56cf04681fa,4:320fed93ffb7bdba5f246b1b9c8c490a5d13c174
DEBUG: JX_LOG_LEVEL=error LC_ALL=C git fetch origin --unshallow 320fed93ffb7bdba5f246b1b9c8c490a5d13c174: 56657cb9c2c5848d38bd1d036fe1c56cf04681fa:
DEBUG: ran git fetch --unshallow origin 320fed93ffb7bdba5f246b1b9c8c490a5d13c174: 56657cb9c2c5848d38bd1d036fe1c56cf04681fa: in 
DEBUG: LC_ALL=C JX_LOG_LEVEL=error git branch
DEBUG: JX_LOG_LEVEL=error LC_ALL=C git checkout master
DEBUG: ran git checkout master in 
DEBUG: LC_ALL=C JX_LOG_LEVEL=error git reset --hard 56657cb9c2c5848d38bd1d036fe1c56cf04681fa
DEBUG: ran git reset --hard 56657cb9c2c5848d38bd1d036fe1c56cf04681fa in 
DEBUG: JX_LOG_LEVEL=error LC_ALL=C git clean -fd .
DEBUG: ran clean --force -d . in 
DEBUG: LC_ALL=C JX_LOG_LEVEL=error git merge 320fed93ffb7bdba5f246b1b9c8c490a5d13c174
DEBUG: ran git merge 320fed93ffb7bdba5f246b1b9c8c490a5d13c174 in 
DEBUG: JX_LOG_LEVEL=error LC_ALL=C git log --format=%H%x1f%an%x1f%ae%x1f%cn%x1f%ce%x1f%s%n%b%x1e 56657cb9c2c5848d38bd1d036fe1c56cf04681fa..HEAD
Merged SHA 320fed93ffb7bdba5f246b1b9c8c490a5d13c174 with commit message 'chore: Promote bdd-gh-1582613884 to version 0.0.1' into base branch master

Showing logs for build [32mcb-kubecd-environment-pr-165-15-h8zlq-1[0m stage [32mfrom-build-pack[0m and container [32mstep-build-helm-build[0m
WARNING: No $CHART_REPOSITORY defined so using the default value of: http://jenkins-x-chartmuseum:8080
Adding missing Helm repo: storage.googleapis.com https://storage.googleapis.com/chartmuseum.jenkins-x.io
WARNING: No secrets found on "helm/repos" due: reading the secret "helm/repos" from vault: no secret "helm/repos" not found in vault
Read credentials for https://storage.googleapis.com/chartmuseum.jenkins-x.io from vault helm/repos
Successfully added Helm repository storage.googleapis.com.
Adding missing Helm repo: jenkins-x-chartmuseum http://jenkins-x-chartmuseum:8080
WARNING: No secrets found on "helm/repos" due: reading the secret "helm/repos" from vault: no secret "helm/repos" not found in vault
Read credentials for http://jenkins-x-chartmuseum:8080 from vault helm/repos
Successfully added Helm repository jenkins-x-chartmuseum.
WARNING: No $CHART_REPOSITORY defined so using the default value of: http://jenkins-x-chartmuseum:8080
Adding missing Helm repo: chartmuseum.jenkins-x.io http://chartmuseum.jenkins-x.io
WARNING: No secrets found on "helm/repos" due: reading the secret "helm/repos" from vault: no secret "helm/repos" not found in vault
Read credentials for http://chartmuseum.jenkins-x.io from vault helm/repos
Successfully added Helm repository chartmuseum.jenkins-x.io.
