
Showing logs for build [32mcb-kubecd-environment-pr-165-15-bhz5v-1[0m stage [32mfrom-build-pack[0m and container [32mstep-credential-initializer-847lc[0m
{"level":"warn","ts":1582614399.6718335,"logger":"fallback-logger","caller":"logging/config.go:69","msg":"Fetch GitHub commit ID from kodata failed: \"ref: refs/heads/0.8.0-**-support-backwards-incompats\" is not a valid GitHub commit ID"}
{"level":"info","ts":1582614399.6723173,"logger":"fallback-logger","caller":"creds-init/main.go:40","msg":"Credentials initialized."}

Showing logs for build [32mcb-kubecd-environment-pr-165-15-bhz5v-1[0m stage [32mfrom-build-pack[0m and container [32mstep-working-dir-initializer-dqxqm[0m
{"level":"warn","ts":1582614400.965099,"logger":"fallback-logger","caller":"logging/config.go:69","msg":"Fetch GitHub commit ID from kodata failed: open /var/run/ko/HEAD: no such file or directory"}
{"level":"info","ts":1582614400.9678104,"logger":"fallback-logger","caller":"bash/main.go:64","msg":"Successfully executed command \"sh -c mkdir -p /workspace/source\"; output "}

Showing logs for build [32mcb-kubecd-environment-pr-165-15-bhz5v-1[0m stage [32mfrom-build-pack[0m and container [32mstep-place-tools[0m

Showing logs for build [32mcb-kubecd-environment-pr-165-15-bhz5v-1[0m stage [32mfrom-build-pack[0m and container [32mstep-git-source-cb-kubecd-environment-pr-165-15-bhz5v-n6lvq[0m
{"level":"warn","ts":1582614406.1395626,"logger":"fallback-logger","caller":"logging/config.go:69","msg":"Fetch GitHub commit ID from kodata failed: \"ref: refs/heads/0.8.0-**-support-backwards-incompats\" is not a valid GitHub commit ID"}
{"level":"info","ts":1582614407.177239,"logger":"fallback-logger","caller":"git/git.go:103","msg":"Successfully cloned https://github.com/cb-kubecd/environment-pr-165-155-boot-vault-gke-staging.git @ master in path /workspace/source"}

Showing logs for build [32mcb-kubecd-environment-pr-165-15-bhz5v-1[0m stage [32mfrom-build-pack[0m and container [32mstep-git-merge[0m
Using SHAs from PULL_REFS=master:b4041a09d2bfa0b45ba9286008c8142dbc038527,2:5b96e970db236e5b4d5b85a6c64d4913547a84f9
DEBUG: LC_ALL=C JX_LOG_LEVEL=error git fetch origin --unshallow 5b96e970db236e5b4d5b85a6c64d4913547a84f9: b4041a09d2bfa0b45ba9286008c8142dbc038527:
DEBUG: ran git fetch --unshallow origin 5b96e970db236e5b4d5b85a6c64d4913547a84f9: b4041a09d2bfa0b45ba9286008c8142dbc038527: in 
DEBUG: LC_ALL=C JX_LOG_LEVEL=error git branch
DEBUG: LC_ALL=C JX_LOG_LEVEL=error git checkout master
DEBUG: ran git checkout master in 
DEBUG: LC_ALL=C JX_LOG_LEVEL=error git reset --hard b4041a09d2bfa0b45ba9286008c8142dbc038527
DEBUG: ran git reset --hard b4041a09d2bfa0b45ba9286008c8142dbc038527 in 
DEBUG: LC_ALL=C JX_LOG_LEVEL=error git clean -fd .
DEBUG: ran clean --force -d . in 
DEBUG: LC_ALL=C JX_LOG_LEVEL=error git merge 5b96e970db236e5b4d5b85a6c64d4913547a84f9
DEBUG: ran git merge 5b96e970db236e5b4d5b85a6c64d4913547a84f9 in 
DEBUG: LC_ALL=C JX_LOG_LEVEL=error git log --format=%H%x1f%an%x1f%ae%x1f%cn%x1f%ce%x1f%s%n%b%x1e b4041a09d2bfa0b45ba9286008c8142dbc038527..HEAD
Merged SHA 5b96e970db236e5b4d5b85a6c64d4913547a84f9 with commit message 'chore: Promote bdd-sbhg-1582613884 to version 0.0.1' into base branch master

Showing logs for build [32mcb-kubecd-environment-pr-165-15-bhz5v-1[0m stage [32mfrom-build-pack[0m and container [32mstep-build-helm-build[0m
WARNING: No $CHART_REPOSITORY defined so using the default value of: http://jenkins-x-chartmuseum:8080
Adding missing Helm repo: storage.googleapis.com https://storage.googleapis.com/chartmuseum.jenkins-x.io
WARNING: No secrets found on "helm/repos" due: reading the secret "helm/repos" from vault: no secret "helm/repos" not found in vault
Read credentials for https://storage.googleapis.com/chartmuseum.jenkins-x.io from vault helm/repos
Successfully added Helm repository storage.googleapis.com.
Adding missing Helm repo: jenkins-x-chartmuseum http://jenkins-x-chartmuseum:8080
WARNING: No secrets found on "helm/repos" due: reading the secret "helm/repos" from vault: no secret "helm/repos" not found in vault
Read credentials for http://jenkins-x-chartmuseum:8080 from vault helm/repos
Successfully added Helm repository jenkins-x-chartmuseum.
WARNING: No $CHART_REPOSITORY defined so using the default value of: http://jenkins-x-chartmuseum:8080
Adding missing Helm repo: chartmuseum.jenkins-x.io http://chartmuseum.jenkins-x.io
WARNING: No secrets found on "helm/repos" due: reading the secret "helm/repos" from vault: no secret "helm/repos" not found in vault
Read credentials for http://chartmuseum.jenkins-x.io from vault helm/repos
Successfully added Helm repository chartmuseum.jenkins-x.io.
